# JRE version: OpenJDK Runtime Environment (19.0.1+10) (build 19.0.1+10-21)
# Java VM: OpenJDK 64-Bit Server VM (19.0.1+10-21, mixed mode, emulated-client, sharing, tiered, compressed oops, compressed class ptrs, g1 gc, windows-amd64)
GC Precious Log:
 CardTable entry size: 512
 Card Set container configuration: InlinePtr #cards 4 size 8 Array Of Cards #cards 16 size 48 Howl #buckets 8 coarsen threshold 3686 Howl Bitmap #cards 512 size 80 coarsen threshold 460 Card regions per heap region 1 cards per card region 4096
 CPUs: 16 total, 16 available
 Memory: 14020M
 Large Page Support: Disabled
 NUMA Support: Disabled
 Compressed Oops: Enabled (Zero based)
 Heap Region Size: 2M
 Heap Min Capacity: 8M
 Heap Initial Capacity: 220M
 Heap Max Capacity: 3506M
 Pre-touch: Disabled
 Parallel Workers: 13
 Concurrent Workers: 3
 Concurrent Refinement Workers: 13
 Periodic GC: Disabled
Heap:
 garbage-first heap   total 81920K, used 30065K [0x0000000724e00000, 0x0000000800000000)
  region size 2048K, 2 young (4096K), 1 survivors (2048K)
 Metaspace       used 63939K, committed 64704K, reserved 1114112K
  class space    used 8779K, committed 9152K, reserved 1048576K
GC Heap History (20 events):
Event: 1.790 GC heap before
{Heap before GC invocations=4 (full 0):
 garbage-first heap   total 55296K, used 41666K [0x0000000724e00000, 0x0000000800000000)
  region size 2048K, 17 young (34816K), 3 survivors (6144K)
 Metaspace       used 24712K, committed 25216K, reserved 1114112K
  class space    used 3241K, committed 3456K, reserved 1048576K
}
Event: 1.795 GC heap after
{Heap after GC invocations=5 (full 0):
 garbage-first heap   total 55296K, used 15482K [0x0000000724e00000, 0x0000000800000000)
  region size 2048K, 2 young (4096K), 2 survivors (4096K)
 Metaspace       used 24712K, committed 25216K, reserved 1114112K
  class space    used 3241K, committed 3456K, reserved 1048576K
}
Event: 1.821 GC heap before
{Heap before GC invocations=5 (full 0):
 garbage-first heap   total 55296K, used 17530K [0x0000000724e00000, 0x0000000800000000)
  region size 2048K, 3 young (6144K), 2 survivors (4096K)
 Metaspace       used 25034K, committed 25536K, reserved 1114112K
  class space    used 3296K, committed 3520K, reserved 1048576K
}
Event: 1.824 GC heap after
{Heap after GC invocations=6 (full 0):
 garbage-first heap   total 55296K, used 15526K [0x0000000724e00000, 0x0000000800000000)
  region size 2048K, 1 young (2048K), 1 survivors (2048K)
 Metaspace       used 25034K, committed 25536K, reserved 1114112K
  class space    used 3296K, committed 3520K, reserved 1048576K
}
Event: 2.049 GC heap before
{Heap before GC invocations=6 (full 0):
 garbage-first heap   total 55296K, used 31910K [0x0000000724e00000, 0x0000000800000000)
  region size 2048K, 10 young (20480K), 1 survivors (2048K)
 Metaspace       used 28050K, committed 28608K, reserved 1114112K
  class space    used 3706K, committed 3968K, reserved 1048576K
}
Event: 2.052 GC heap after
{Heap after GC invocations=7 (full 0):
 garbage-first heap   total 141312K, used 17385K [0x0000000724e00000, 0x0000000800000000)
  region size 2048K, 2 young (4096K), 2 survivors (4096K)
 Metaspace       used 28050K, committed 28608K, reserved 1114112K
  class space    used 3706K, committed 3968K, reserved 1048576K
}
Event: 2.492 GC heap before
{Heap before GC invocations=7 (full 0):
 garbage-first heap   total 141312K, used 50153K [0x0000000724e00000, 0x0000000800000000)
  region size 2048K, 19 young (38912K), 2 survivors (4096K)
 Metaspace       used 35503K, committed 36096K, reserved 1114112K
  class space    used 4770K, committed 5056K, reserved 1048576K
}
Event: 2.495 GC heap after
{Heap after GC invocations=8 (full 0):
 garbage-first heap   total 141312K, used 19256K [0x0000000724e00000, 0x0000000800000000)
  region size 2048K, 3 young (6144K), 3 survivors (6144K)
 Metaspace       used 35503K, committed 36096K, reserved 1114112K
  class space    used 4770K, committed 5056K, reserved 1048576K
}
Event: 3.157 GC heap before
{Heap before GC invocations=9 (full 0):
 garbage-first heap   total 81920K, used 62264K [0x0000000724e00000, 0x0000000800000000)
  region size 2048K, 24 young (49152K), 3 survivors (6144K)
 Metaspace       used 47852K, committed 48576K, reserved 1114112K
  class space    used 6567K, committed 6912K, reserved 1048576K
}
Event: 3.161 GC heap after
{Heap after GC invocations=10 (full 0):
 garbage-first heap   total 81920K, used 22000K [0x0000000724e00000, 0x0000000800000000)
  region size 2048K, 3 young (6144K), 3 survivors (6144K)
 Metaspace       used 47852K, committed 48576K, reserved 1114112K
  class space    used 6567K, committed 6912K, reserved 1048576K
}
Event: 3.186 GC heap before
{Heap before GC invocations=10 (full 0):
 garbage-first heap   total 81920K, used 24048K [0x0000000724e00000, 0x0000000800000000)
  region size 2048K, 4 young (8192K), 3 survivors (6144K)
 Metaspace       used 48396K, committed 49088K, reserved 1114112K
  class space    used 6650K, committed 6976K, reserved 1048576K
}
Event: 3.188 GC heap after
{Heap after GC invocations=11 (full 0):
 garbage-first heap   total 81920K, used 22392K [0x0000000724e00000, 0x0000000800000000)
  region size 2048K, 1 young (2048K), 1 survivors (2048K)
 Metaspace       used 48396K, committed 49088K, reserved 1114112K
  class space    used 6650K, committed 6976K, reserved 1048576K
}
Event: 3.554 GC heap before
{Heap before GC invocations=11 (full 0):
 garbage-first heap   total 81920K, used 57208K [0x0000000724e00000, 0x0000000800000000)
  region size 2048K, 19 young (38912K), 1 survivors (2048K)
 Metaspace       used 52885K, committed 53568K, reserved 1114112K
  class space    used 7303K, committed 7616K, reserved 1048576K
}
Event: 3.557 GC heap after
{Heap after GC invocations=12 (full 0):
 garbage-first heap   total 81920K, used 24898K [0x0000000724e00000, 0x0000000800000000)
  region size 2048K, 2 young (4096K), 2 survivors (4096K)
 Metaspace       used 52885K, committed 53568K, reserved 1114112K
  class space    used 7303K, committed 7616K, reserved 1048576K
}
Event: 11.855 GC heap before
{Heap before GC invocations=12 (full 0):
 garbage-first heap   total 81920K, used 61762K [0x0000000724e00000, 0x0000000800000000)
  region size 2048K, 20 young (40960K), 2 survivors (4096K)
 Metaspace       used 57259K, committed 58048K, reserved 1114112K
  class space    used 7936K, committed 8320K, reserved 1048576K
}
Event: 11.858 GC heap after
{Heap after GC invocations=13 (full 0):
 garbage-first heap   total 81920K, used 28194K [0x0000000724e00000, 0x0000000800000000)
  region size 2048K, 2 young (4096K), 2 survivors (4096K)
 Metaspace       used 57259K, committed 58048K, reserved 1114112K
  class space    used 7936K, committed 8320K, reserved 1048576K
}
Event: 12.004 GC heap before
{Heap before GC invocations=13 (full 0):
 garbage-first heap   total 81920K, used 36386K [0x0000000724e00000, 0x0000000800000000)
  region size 2048K, 7 young (14336K), 2 survivors (4096K)
 Metaspace       used 59665K, committed 60416K, reserved 1114112K
  class space    used 8266K, committed 8640K, reserved 1048576K
}
Event: 12.007 GC heap after
{Heap after GC invocations=14 (full 0):
 garbage-first heap   total 81920K, used 29135K [0x0000000724e00000, 0x0000000800000000)
  region size 2048K, 1 young (2048K), 1 survivors (2048K)
 Metaspace       used 59665K, committed 60416K, reserved 1114112K
  class space    used 8266K, committed 8640K, reserved 1048576K
}
Event: 408.826 GC heap before
{Heap before GC invocations=15 (full 0):
 garbage-first heap   total 81920K, used 59855K [0x0000000724e00000, 0x0000000800000000)
  region size 2048K, 17 young (34816K), 1 survivors (2048K)
 Metaspace       used 63939K, committed 64704K, reserved 1114112K
  class space    used 8779K, committed 9152K, reserved 1048576K
}
Event: 408.828 GC heap after
{Heap after GC invocations=16 (full 0):
 garbage-first heap   total 81920K, used 30065K [0x0000000724e00000, 0x0000000800000000)
  region size 2048K, 1 young (2048K), 1 survivors (2048K)
 Metaspace       used 63939K, committed 64704K, reserved 1114112K
  class space    used 8779K, committed 9152K, reserved 1048576K
}

